<?xml version="1.0" encoding="UTF-8"?>
<testng-results skipped="0" failed="0" ignored="0" total="2" passed="2">
  <reporter-output>
  </reporter-output>
  <suite name="Default suite" duration-ms="252446" started-at="2018-09-12T02:37:13Z" finished-at="2018-09-12T02:41:25Z">
    <groups>
      <group name="cucumber">
        <method signature="TestRunner_TESTNG.feature(cucumber.api.testng.CucumberFeatureWrapper)[pri:0, instance:cucumberTest_TestNG.TestRunner_TESTNG@46daef40]" name="feature" class="cucumberTest_TestNG.TestRunner_TESTNG"/>
      </group> <!-- cucumber -->
    </groups>
    <test name="Default test" duration-ms="252446" started-at="2018-09-12T02:37:13Z" finished-at="2018-09-12T02:41:25Z">
      <class name="cucumberTest_TestNG.TestRunner_TESTNG">
        <test-method status="PASS" signature="setUpClass()[pri:0, instance:cucumberTest_TestNG.TestRunner_TESTNG@46daef40]" name="setUpClass" is-config="true" duration-ms="303" started-at="2018-09-12T02:37:13Z" finished-at="2018-09-12T02:37:13Z">
          <reporter-output>
          </reporter-output>
        </test-method> <!-- setUpClass -->
        <test-method status="PASS" signature="feature(cucumber.api.testng.CucumberFeatureWrapper)[pri:0, instance:cucumberTest_TestNG.TestRunner_TESTNG@46daef40]" name="feature" duration-ms="192189" started-at="2018-09-12T02:37:13Z" description="Runs Cucumber Feature" data-provider="features" finished-at="2018-09-12T02:40:25Z">
          <params>
            <param index="0">
              <value>
                <![CDATA[Action - Order T-Shirt and Verify in Order History]]>
              </value>
            </param>
          </params>
          <reporter-output>
          </reporter-output>
        </test-method> <!-- feature -->
        <test-method status="PASS" signature="feature(cucumber.api.testng.CucumberFeatureWrapper)[pri:0, instance:cucumberTest_TestNG.TestRunner_TESTNG@46daef40]" name="feature" duration-ms="59296" started-at="2018-09-12T02:40:25Z" description="Runs Cucumber Feature" data-provider="features" finished-at="2018-09-12T02:41:24Z">
          <params>
            <param index="0">
              <value>
                <![CDATA[Action - Update Personal Information i.e. First Name in My Account]]>
              </value>
            </param>
          </params>
          <reporter-output>
          </reporter-output>
        </test-method> <!-- feature -->
        <test-method status="PASS" signature="tearDownClass()[pri:0, instance:cucumberTest_TestNG.TestRunner_TESTNG@46daef40]" name="tearDownClass" is-config="true" duration-ms="523" started-at="2018-09-12T02:41:24Z" finished-at="2018-09-12T02:41:25Z">
          <reporter-output>
          </reporter-output>
        </test-method> <!-- tearDownClass -->
      </class> <!-- cucumberTest_TestNG.TestRunner_TESTNG -->
    </test> <!-- Default test -->
  </suite> <!-- Default suite -->
</testng-results>
